<?xml version="1.0" encoding="UTF-8"?>
<testsuite xmlns:xsi="http://www.w3.org/2001/XMLSchema-instance" xsi:noNamespaceSchemaLocation="https://maven.apache.org/surefire/maven-surefire-plugin/xsd/surefire-test-report-3.0.xsd" version="3.0" name="via.pro3.mainserver.MainServerApplicationTests" time="3.386" tests="1" errors="0" skipped="0" failures="0">
  <properties>
    <property name="java.specification.version" value="23"/>
    <property name="sun.cpu.isalist" value="amd64"/>
    <property name="sun.jnu.encoding" value="Cp1252"/>
    <property name="java.class.path" value="C:\Users\Sandut\Documents\GitHub\SEP3\MainServer\target\test-classes;C:\Users\Sandut\Documents\GitHub\SEP3\MainServer\target\classes;C:\Users\Sandut\.m2\repository\org\springframework\boot\spring-boot-starter\3.3.4\spring-boot-starter-3.3.4.jar;C:\Users\Sandut\.m2\repository\org\springframework\boot\spring-boot\3.3.4\spring-boot-3.3.4.jar;C:\Users\Sandut\.m2\repository\org\springframework\spring-context\6.1.13\spring-context-6.1.13.jar;C:\Users\Sandut\.m2\repository\org\springframework\spring-aop\6.1.13\spring-aop-6.1.13.jar;C:\Users\Sandut\.m2\repository\org\springframework\spring-expression\6.1.13\spring-expression-6.1.13.jar;C:\Users\Sandut\.m2\repository\org\springframework\boot\spring-boot-autoconfigure\3.3.4\spring-boot-autoconfigure-3.3.4.jar;C:\Users\Sandut\.m2\repository\org\springframework\boot\spring-boot-starter-logging\3.3.4\spring-boot-starter-logging-3.3.4.jar;C:\Users\Sandut\.m2\repository\ch\qos\logback\logback-classic\1.5.8\logback-classic-1.5.8.jar;C:\Users\Sandut\.m2\repository\ch\qos\logback\logback-core\1.5.8\logback-core-1.5.8.jar;C:\Users\Sandut\.m2\repository\org\apache\logging\log4j\log4j-to-slf4j\2.23.1\log4j-to-slf4j-2.23.1.jar;C:\Users\Sandut\.m2\repository\org\apache\logging\log4j\log4j-api\2.23.1\log4j-api-2.23.1.jar;C:\Users\Sandut\.m2\repository\org\slf4j\jul-to-slf4j\2.0.16\jul-to-slf4j-2.0.16.jar;C:\Users\Sandut\.m2\repository\jakarta\annotation\jakarta.annotation-api\2.1.1\jakarta.annotation-api-2.1.1.jar;C:\Users\Sandut\.m2\repository\org\springframework\spring-core\6.1.13\spring-core-6.1.13.jar;C:\Users\Sandut\.m2\repository\org\springframework\spring-jcl\6.1.13\spring-jcl-6.1.13.jar;C:\Users\Sandut\.m2\repository\org\yaml\snakeyaml\2.2\snakeyaml-2.2.jar;C:\Users\Sandut\.m2\repository\org\springframework\boot\spring-boot-starter-test\3.3.4\spring-boot-starter-test-3.3.4.jar;C:\Users\Sandut\.m2\repository\org\springframework\boot\spring-boot-test\3.3.4\spring-boot-test-3.3.4.jar;C:\Users\Sandut\.m2\repository\org\springframework\boot\spring-boot-test-autoconfigure\3.3.4\spring-boot-test-autoconfigure-3.3.4.jar;C:\Users\Sandut\.m2\repository\com\jayway\jsonpath\json-path\2.9.0\json-path-2.9.0.jar;C:\Users\Sandut\.m2\repository\org\slf4j\slf4j-api\2.0.16\slf4j-api-2.0.16.jar;C:\Users\Sandut\.m2\repository\jakarta\xml\bind\jakarta.xml.bind-api\4.0.2\jakarta.xml.bind-api-4.0.2.jar;C:\Users\Sandut\.m2\repository\jakarta\activation\jakarta.activation-api\2.1.3\jakarta.activation-api-2.1.3.jar;C:\Users\Sandut\.m2\repository\net\minidev\json-smart\2.5.1\json-smart-2.5.1.jar;C:\Users\Sandut\.m2\repository\net\minidev\accessors-smart\2.5.1\accessors-smart-2.5.1.jar;C:\Users\Sandut\.m2\repository\org\ow2\asm\asm\9.6\asm-9.6.jar;C:\Users\Sandut\.m2\repository\org\assertj\assertj-core\3.25.3\assertj-core-3.25.3.jar;C:\Users\Sandut\.m2\repository\net\bytebuddy\byte-buddy\1.14.19\byte-buddy-1.14.19.jar;C:\Users\Sandut\.m2\repository\org\awaitility\awaitility\4.2.2\awaitility-4.2.2.jar;C:\Users\Sandut\.m2\repository\org\hamcrest\hamcrest\2.2\hamcrest-2.2.jar;C:\Users\Sandut\.m2\repository\org\junit\jupiter\junit-jupiter\5.10.3\junit-jupiter-5.10.3.jar;C:\Users\Sandut\.m2\repository\org\junit\jupiter\junit-jupiter-api\5.10.3\junit-jupiter-api-5.10.3.jar;C:\Users\Sandut\.m2\repository\org\opentest4j\opentest4j\1.3.0\opentest4j-1.3.0.jar;C:\Users\Sandut\.m2\repository\org\junit\platform\junit-platform-commons\1.10.3\junit-platform-commons-1.10.3.jar;C:\Users\Sandut\.m2\repository\org\apiguardian\apiguardian-api\1.1.2\apiguardian-api-1.1.2.jar;C:\Users\Sandut\.m2\repository\org\junit\jupiter\junit-jupiter-params\5.10.3\junit-jupiter-params-5.10.3.jar;C:\Users\Sandut\.m2\repository\org\junit\jupiter\junit-jupiter-engine\5.10.3\junit-jupiter-engine-5.10.3.jar;C:\Users\Sandut\.m2\repository\org\junit\platform\junit-platform-engine\1.10.3\junit-platform-engine-1.10.3.jar;C:\Users\Sandut\.m2\repository\org\mockito\mockito-core\5.11.0\mockito-core-5.11.0.jar;C:\Users\Sandut\.m2\repository\net\bytebuddy\byte-buddy-agent\1.14.19\byte-buddy-agent-1.14.19.jar;C:\Users\Sandut\.m2\repository\org\objenesis\objenesis\3.3\objenesis-3.3.jar;C:\Users\Sandut\.m2\repository\org\mockito\mockito-junit-jupiter\5.11.0\mockito-junit-jupiter-5.11.0.jar;C:\Users\Sandut\.m2\repository\org\skyscreamer\jsonassert\1.5.3\jsonassert-1.5.3.jar;C:\Users\Sandut\.m2\repository\com\vaadin\external\google\android-json\0.0.20131108.vaadin1\android-json-0.0.20131108.vaadin1.jar;C:\Users\Sandut\.m2\repository\org\springframework\spring-test\6.1.13\spring-test-6.1.13.jar;C:\Users\Sandut\.m2\repository\org\xmlunit\xmlunit-core\2.9.1\xmlunit-core-2.9.1.jar;C:\Users\Sandut\.m2\repository\org\postgresql\postgresql\42.6.0\postgresql-42.6.0.jar;C:\Users\Sandut\.m2\repository\org\checkerframework\checker-qual\3.31.0\checker-qual-3.31.0.jar;C:\Users\Sandut\.m2\repository\net\devh\grpc-server-spring-boot-starter\3.1.0.RELEASE\grpc-server-spring-boot-starter-3.1.0.RELEASE.jar;C:\Users\Sandut\.m2\repository\net\devh\grpc-common-spring-boot\3.1.0.RELEASE\grpc-common-spring-boot-3.1.0.RELEASE.jar;C:\Users\Sandut\.m2\repository\io\grpc\grpc-inprocess\1.63.0\grpc-inprocess-1.63.0.jar;C:\Users\Sandut\.m2\repository\io\grpc\grpc-netty-shaded\1.63.0\grpc-netty-shaded-1.63.0.jar;C:\Users\Sandut\.m2\repository\io\grpc\grpc-services\1.63.0\grpc-services-1.63.0.jar;C:\Users\Sandut\.m2\repository\com\google\protobuf\protobuf-java-util\3.25.1\protobuf-java-util-3.25.1.jar;C:\Users\Sandut\.m2\repository\com\google\j2objc\j2objc-annotations\2.8\j2objc-annotations-2.8.jar;C:\Users\Sandut\.m2\repository\com\google\code\gson\gson\2.10.1\gson-2.10.1.jar;C:\Users\Sandut\.m2\repository\io\grpc\grpc-api\1.63.0\grpc-api-1.63.0.jar;C:\Users\Sandut\.m2\repository\io\grpc\grpc-netty\1.63.0\grpc-netty-1.63.0.jar;C:\Users\Sandut\.m2\repository\io\netty\netty-codec-http2\4.1.113.Final\netty-codec-http2-4.1.113.Final.jar;C:\Users\Sandut\.m2\repository\io\netty\netty-common\4.1.113.Final\netty-common-4.1.113.Final.jar;C:\Users\Sandut\.m2\repository\io\netty\netty-buffer\4.1.113.Final\netty-buffer-4.1.113.Final.jar;C:\Users\Sandut\.m2\repository\io\netty\netty-transport\4.1.113.Final\netty-transport-4.1.113.Final.jar;C:\Users\Sandut\.m2\repository\io\netty\netty-resolver\4.1.113.Final\netty-resolver-4.1.113.Final.jar;C:\Users\Sandut\.m2\repository\io\netty\netty-codec\4.1.113.Final\netty-codec-4.1.113.Final.jar;C:\Users\Sandut\.m2\repository\io\netty\netty-handler\4.1.113.Final\netty-handler-4.1.113.Final.jar;C:\Users\Sandut\.m2\repository\io\netty\netty-codec-http\4.1.113.Final\netty-codec-http-4.1.113.Final.jar;C:\Users\Sandut\.m2\repository\io\grpc\grpc-core\1.63.0\grpc-core-1.63.0.jar;C:\Users\Sandut\.m2\repository\com\google\android\annotations\4.1.1.4\annotations-4.1.1.4.jar;C:\Users\Sandut\.m2\repository\org\codehaus\mojo\animal-sniffer-annotations\1.23\animal-sniffer-annotations-1.23.jar;C:\Users\Sandut\.m2\repository\io\grpc\grpc-context\1.63.0\grpc-context-1.63.0.jar;C:\Users\Sandut\.m2\repository\io\netty\netty-handler-proxy\4.1.113.Final\netty-handler-proxy-4.1.113.Final.jar;C:\Users\Sandut\.m2\repository\io\netty\netty-codec-socks\4.1.113.Final\netty-codec-socks-4.1.113.Final.jar;C:\Users\Sandut\.m2\repository\com\google\guava\guava\32.1.3-android\guava-32.1.3-android.jar;C:\Users\Sandut\.m2\repository\com\google\guava\failureaccess\1.0.1\failureaccess-1.0.1.jar;C:\Users\Sandut\.m2\repository\com\google\guava\listenablefuture\9999.0-empty-to-avoid-conflict-with-guava\listenablefuture-9999.0-empty-to-avoid-conflict-with-guava.jar;C:\Users\Sandut\.m2\repository\com\google\errorprone\error_prone_annotations\2.23.0\error_prone_annotations-2.23.0.jar;C:\Users\Sandut\.m2\repository\io\perfmark\perfmark-api\0.26.0\perfmark-api-0.26.0.jar;C:\Users\Sandut\.m2\repository\io\netty\netty-transport-native-unix-common\4.1.113.Final\netty-transport-native-unix-common-4.1.113.Final.jar;C:\Users\Sandut\.m2\repository\io\grpc\grpc-util\1.63.0\grpc-util-1.63.0.jar;C:\Users\Sandut\.m2\repository\io\grpc\grpc-protobuf\1.63.0\grpc-protobuf-1.63.0.jar;C:\Users\Sandut\.m2\repository\com\google\code\findbugs\jsr305\3.0.2\jsr305-3.0.2.jar;C:\Users\Sandut\.m2\repository\com\google\protobuf\protobuf-java\3.25.1\protobuf-java-3.25.1.jar;C:\Users\Sandut\.m2\repository\com\google\api\grpc\proto-google-common-protos\2.29.0\proto-google-common-protos-2.29.0.jar;C:\Users\Sandut\.m2\repository\io\grpc\grpc-protobuf-lite\1.63.0\grpc-protobuf-lite-1.63.0.jar;C:\Users\Sandut\.m2\repository\io\grpc\grpc-stub\1.63.0\grpc-stub-1.63.0.jar;C:\Users\Sandut\.m2\repository\javax\annotation\javax.annotation-api\1.3\javax.annotation-api-1.3.jar;C:\Users\Sandut\.m2\repository\org\example\PatientServer\0.0.1-SNAPSHOT\PatientServer-0.0.1-SNAPSHOT.jar;C:\Users\Sandut\.m2\repository\org\springframework\boot\spring-boot-starter-web\3.3.4\spring-boot-starter-web-3.3.4.jar;C:\Users\Sandut\.m2\repository\org\springframework\boot\spring-boot-starter-json\3.3.4\spring-boot-starter-json-3.3.4.jar;C:\Users\Sandut\.m2\repository\com\fasterxml\jackson\core\jackson-databind\2.17.2\jackson-databind-2.17.2.jar;C:\Users\Sandut\.m2\repository\com\fasterxml\jackson\core\jackson-annotations\2.17.2\jackson-annotations-2.17.2.jar;C:\Users\Sandut\.m2\repository\com\fasterxml\jackson\core\jackson-core\2.17.2\jackson-core-2.17.2.jar;C:\Users\Sandut\.m2\repository\com\fasterxml\jackson\datatype\jackson-datatype-jdk8\2.17.2\jackson-datatype-jdk8-2.17.2.jar;C:\Users\Sandut\.m2\repository\com\fasterxml\jackson\datatype\jackson-datatype-jsr310\2.17.2\jackson-datatype-jsr310-2.17.2.jar;C:\Users\Sandut\.m2\repository\com\fasterxml\jackson\module\jackson-module-parameter-names\2.17.2\jackson-module-parameter-names-2.17.2.jar;C:\Users\Sandut\.m2\repository\org\springframework\boot\spring-boot-starter-tomcat\3.3.4\spring-boot-starter-tomcat-3.3.4.jar;C:\Users\Sandut\.m2\repository\org\apache\tomcat\embed\tomcat-embed-core\10.1.30\tomcat-embed-core-10.1.30.jar;C:\Users\Sandut\.m2\repository\org\apache\tomcat\embed\tomcat-embed-el\10.1.30\tomcat-embed-el-10.1.30.jar;C:\Users\Sandut\.m2\repository\org\apache\tomcat\embed\tomcat-embed-websocket\10.1.30\tomcat-embed-websocket-10.1.30.jar;C:\Users\Sandut\.m2\repository\org\springframework\spring-webmvc\6.1.13\spring-webmvc-6.1.13.jar;C:\Users\Sandut\.m2\repository\org\springframework\spring-web\6.1.13\spring-web-6.1.13.jar;C:\Users\Sandut\.m2\repository\org\springframework\spring-beans\6.1.13\spring-beans-6.1.13.jar;C:\Users\Sandut\.m2\repository\io\micrometer\micrometer-observation\1.13.4\micrometer-observation-1.13.4.jar;C:\Users\Sandut\.m2\repository\io\micrometer\micrometer-commons\1.13.4\micrometer-commons-1.13.4.jar;"/>
    <property name="java.vm.vendor" value="Oracle Corporation"/>
    <property name="sun.arch.data.model" value="64"/>
    <property name="user.variant" value=""/>
    <property name="java.vendor.url" value="https://java.oracle.com/"/>
    <property name="user.timezone" value="Europe/Copenhagen"/>
    <property name="user.country.format" value="DK"/>
    <property name="os.name" value="Windows 11"/>
    <property name="java.vm.specification.version" value="23"/>
    <property name="sun.java.launcher" value="SUN_STANDARD"/>
    <property name="user.country" value="US"/>
    <property name="sun.boot.library.path" value="C:\Users\Sandut\.jdks\openjdk-23.0.1\bin"/>
    <property name="sun.java.command" value="C:\Users\Sandut\AppData\Local\Temp\surefire14836283201609023181\surefirebooter-20241120152430093_3.jar C:\Users\Sandut\AppData\Local\Temp\surefire14836283201609023181 2024-11-20T15-24-29_924-jvmRun1 surefire-20241120152430093_1tmp surefire_0-20241120152430093_2tmp"/>
    <property name="jdk.debug" value="release"/>
    <property name="surefire.test.class.path" value="C:\Users\Sandut\Documents\GitHub\SEP3\MainServer\target\test-classes;C:\Users\Sandut\Documents\GitHub\SEP3\MainServer\target\classes;C:\Users\Sandut\.m2\repository\org\springframework\boot\spring-boot-starter\3.3.4\spring-boot-starter-3.3.4.jar;C:\Users\Sandut\.m2\repository\org\springframework\boot\spring-boot\3.3.4\spring-boot-3.3.4.jar;C:\Users\Sandut\.m2\repository\org\springframework\spring-context\6.1.13\spring-context-6.1.13.jar;C:\Users\Sandut\.m2\repository\org\springframework\spring-aop\6.1.13\spring-aop-6.1.13.jar;C:\Users\Sandut\.m2\repository\org\springframework\spring-expression\6.1.13\spring-expression-6.1.13.jar;C:\Users\Sandut\.m2\repository\org\springframework\boot\spring-boot-autoconfigure\3.3.4\spring-boot-autoconfigure-3.3.4.jar;C:\Users\Sandut\.m2\repository\org\springframework\boot\spring-boot-starter-logging\3.3.4\spring-boot-starter-logging-3.3.4.jar;C:\Users\Sandut\.m2\repository\ch\qos\logback\logback-classic\1.5.8\logback-classic-1.5.8.jar;C:\Users\Sandut\.m2\repository\ch\qos\logback\logback-core\1.5.8\logback-core-1.5.8.jar;C:\Users\Sandut\.m2\repository\org\apache\logging\log4j\log4j-to-slf4j\2.23.1\log4j-to-slf4j-2.23.1.jar;C:\Users\Sandut\.m2\repository\org\apache\logging\log4j\log4j-api\2.23.1\log4j-api-2.23.1.jar;C:\Users\Sandut\.m2\repository\org\slf4j\jul-to-slf4j\2.0.16\jul-to-slf4j-2.0.16.jar;C:\Users\Sandut\.m2\repository\jakarta\annotation\jakarta.annotation-api\2.1.1\jakarta.annotation-api-2.1.1.jar;C:\Users\Sandut\.m2\repository\org\springframework\spring-core\6.1.13\spring-core-6.1.13.jar;C:\Users\Sandut\.m2\repository\org\springframework\spring-jcl\6.1.13\spring-jcl-6.1.13.jar;C:\Users\Sandut\.m2\repository\org\yaml\snakeyaml\2.2\snakeyaml-2.2.jar;C:\Users\Sandut\.m2\repository\org\springframework\boot\spring-boot-starter-test\3.3.4\spring-boot-starter-test-3.3.4.jar;C:\Users\Sandut\.m2\repository\org\springframework\boot\spring-boot-test\3.3.4\spring-boot-test-3.3.4.jar;C:\Users\Sandut\.m2\repository\org\springframework\boot\spring-boot-test-autoconfigure\3.3.4\spring-boot-test-autoconfigure-3.3.4.jar;C:\Users\Sandut\.m2\repository\com\jayway\jsonpath\json-path\2.9.0\json-path-2.9.0.jar;C:\Users\Sandut\.m2\repository\org\slf4j\slf4j-api\2.0.16\slf4j-api-2.0.16.jar;C:\Users\Sandut\.m2\repository\jakarta\xml\bind\jakarta.xml.bind-api\4.0.2\jakarta.xml.bind-api-4.0.2.jar;C:\Users\Sandut\.m2\repository\jakarta\activation\jakarta.activation-api\2.1.3\jakarta.activation-api-2.1.3.jar;C:\Users\Sandut\.m2\repository\net\minidev\json-smart\2.5.1\json-smart-2.5.1.jar;C:\Users\Sandut\.m2\repository\net\minidev\accessors-smart\2.5.1\accessors-smart-2.5.1.jar;C:\Users\Sandut\.m2\repository\org\ow2\asm\asm\9.6\asm-9.6.jar;C:\Users\Sandut\.m2\repository\org\assertj\assertj-core\3.25.3\assertj-core-3.25.3.jar;C:\Users\Sandut\.m2\repository\net\bytebuddy\byte-buddy\1.14.19\byte-buddy-1.14.19.jar;C:\Users\Sandut\.m2\repository\org\awaitility\awaitility\4.2.2\awaitility-4.2.2.jar;C:\Users\Sandut\.m2\repository\org\hamcrest\hamcrest\2.2\hamcrest-2.2.jar;C:\Users\Sandut\.m2\repository\org\junit\jupiter\junit-jupiter\5.10.3\junit-jupiter-5.10.3.jar;C:\Users\Sandut\.m2\repository\org\junit\jupiter\junit-jupiter-api\5.10.3\junit-jupiter-api-5.10.3.jar;C:\Users\Sandut\.m2\repository\org\opentest4j\opentest4j\1.3.0\opentest4j-1.3.0.jar;C:\Users\Sandut\.m2\repository\org\junit\platform\junit-platform-commons\1.10.3\junit-platform-commons-1.10.3.jar;C:\Users\Sandut\.m2\repository\org\apiguardian\apiguardian-api\1.1.2\apiguardian-api-1.1.2.jar;C:\Users\Sandut\.m2\repository\org\junit\jupiter\junit-jupiter-params\5.10.3\junit-jupiter-params-5.10.3.jar;C:\Users\Sandut\.m2\repository\org\junit\jupiter\junit-jupiter-engine\5.10.3\junit-jupiter-engine-5.10.3.jar;C:\Users\Sandut\.m2\repository\org\junit\platform\junit-platform-engine\1.10.3\junit-platform-engine-1.10.3.jar;C:\Users\Sandut\.m2\repository\org\mockito\mockito-core\5.11.0\mockito-core-5.11.0.jar;C:\Users\Sandut\.m2\repository\net\bytebuddy\byte-buddy-agent\1.14.19\byte-buddy-agent-1.14.19.jar;C:\Users\Sandut\.m2\repository\org\objenesis\objenesis\3.3\objenesis-3.3.jar;C:\Users\Sandut\.m2\repository\org\mockito\mockito-junit-jupiter\5.11.0\mockito-junit-jupiter-5.11.0.jar;C:\Users\Sandut\.m2\repository\org\skyscreamer\jsonassert\1.5.3\jsonassert-1.5.3.jar;C:\Users\Sandut\.m2\repository\com\vaadin\external\google\android-json\0.0.20131108.vaadin1\android-json-0.0.20131108.vaadin1.jar;C:\Users\Sandut\.m2\repository\org\springframework\spring-test\6.1.13\spring-test-6.1.13.jar;C:\Users\Sandut\.m2\repository\org\xmlunit\xmlunit-core\2.9.1\xmlunit-core-2.9.1.jar;C:\Users\Sandut\.m2\repository\org\postgresql\postgresql\42.6.0\postgresql-42.6.0.jar;C:\Users\Sandut\.m2\repository\org\checkerframework\checker-qual\3.31.0\checker-qual-3.31.0.jar;C:\Users\Sandut\.m2\repository\net\devh\grpc-server-spring-boot-starter\3.1.0.RELEASE\grpc-server-spring-boot-starter-3.1.0.RELEASE.jar;C:\Users\Sandut\.m2\repository\net\devh\grpc-common-spring-boot\3.1.0.RELEASE\grpc-common-spring-boot-3.1.0.RELEASE.jar;C:\Users\Sandut\.m2\repository\io\grpc\grpc-inprocess\1.63.0\grpc-inprocess-1.63.0.jar;C:\Users\Sandut\.m2\repository\io\grpc\grpc-netty-shaded\1.63.0\grpc-netty-shaded-1.63.0.jar;C:\Users\Sandut\.m2\repository\io\grpc\grpc-services\1.63.0\grpc-services-1.63.0.jar;C:\Users\Sandut\.m2\repository\com\google\protobuf\protobuf-java-util\3.25.1\protobuf-java-util-3.25.1.jar;C:\Users\Sandut\.m2\repository\com\google\j2objc\j2objc-annotations\2.8\j2objc-annotations-2.8.jar;C:\Users\Sandut\.m2\repository\com\google\code\gson\gson\2.10.1\gson-2.10.1.jar;C:\Users\Sandut\.m2\repository\io\grpc\grpc-api\1.63.0\grpc-api-1.63.0.jar;C:\Users\Sandut\.m2\repository\io\grpc\grpc-netty\1.63.0\grpc-netty-1.63.0.jar;C:\Users\Sandut\.m2\repository\io\netty\netty-codec-http2\4.1.113.Final\netty-codec-http2-4.1.113.Final.jar;C:\Users\Sandut\.m2\repository\io\netty\netty-common\4.1.113.Final\netty-common-4.1.113.Final.jar;C:\Users\Sandut\.m2\repository\io\netty\netty-buffer\4.1.113.Final\netty-buffer-4.1.113.Final.jar;C:\Users\Sandut\.m2\repository\io\netty\netty-transport\4.1.113.Final\netty-transport-4.1.113.Final.jar;C:\Users\Sandut\.m2\repository\io\netty\netty-resolver\4.1.113.Final\netty-resolver-4.1.113.Final.jar;C:\Users\Sandut\.m2\repository\io\netty\netty-codec\4.1.113.Final\netty-codec-4.1.113.Final.jar;C:\Users\Sandut\.m2\repository\io\netty\netty-handler\4.1.113.Final\netty-handler-4.1.113.Final.jar;C:\Users\Sandut\.m2\repository\io\netty\netty-codec-http\4.1.113.Final\netty-codec-http-4.1.113.Final.jar;C:\Users\Sandut\.m2\repository\io\grpc\grpc-core\1.63.0\grpc-core-1.63.0.jar;C:\Users\Sandut\.m2\repository\com\google\android\annotations\4.1.1.4\annotations-4.1.1.4.jar;C:\Users\Sandut\.m2\repository\org\codehaus\mojo\animal-sniffer-annotations\1.23\animal-sniffer-annotations-1.23.jar;C:\Users\Sandut\.m2\repository\io\grpc\grpc-context\1.63.0\grpc-context-1.63.0.jar;C:\Users\Sandut\.m2\repository\io\netty\netty-handler-proxy\4.1.113.Final\netty-handler-proxy-4.1.113.Final.jar;C:\Users\Sandut\.m2\repository\io\netty\netty-codec-socks\4.1.113.Final\netty-codec-socks-4.1.113.Final.jar;C:\Users\Sandut\.m2\repository\com\google\guava\guava\32.1.3-android\guava-32.1.3-android.jar;C:\Users\Sandut\.m2\repository\com\google\guava\failureaccess\1.0.1\failureaccess-1.0.1.jar;C:\Users\Sandut\.m2\repository\com\google\guava\listenablefuture\9999.0-empty-to-avoid-conflict-with-guava\listenablefuture-9999.0-empty-to-avoid-conflict-with-guava.jar;C:\Users\Sandut\.m2\repository\com\google\errorprone\error_prone_annotations\2.23.0\error_prone_annotations-2.23.0.jar;C:\Users\Sandut\.m2\repository\io\perfmark\perfmark-api\0.26.0\perfmark-api-0.26.0.jar;C:\Users\Sandut\.m2\repository\io\netty\netty-transport-native-unix-common\4.1.113.Final\netty-transport-native-unix-common-4.1.113.Final.jar;C:\Users\Sandut\.m2\repository\io\grpc\grpc-util\1.63.0\grpc-util-1.63.0.jar;C:\Users\Sandut\.m2\repository\io\grpc\grpc-protobuf\1.63.0\grpc-protobuf-1.63.0.jar;C:\Users\Sandut\.m2\repository\com\google\code\findbugs\jsr305\3.0.2\jsr305-3.0.2.jar;C:\Users\Sandut\.m2\repository\com\google\protobuf\protobuf-java\3.25.1\protobuf-java-3.25.1.jar;C:\Users\Sandut\.m2\repository\com\google\api\grpc\proto-google-common-protos\2.29.0\proto-google-common-protos-2.29.0.jar;C:\Users\Sandut\.m2\repository\io\grpc\grpc-protobuf-lite\1.63.0\grpc-protobuf-lite-1.63.0.jar;C:\Users\Sandut\.m2\repository\io\grpc\grpc-stub\1.63.0\grpc-stub-1.63.0.jar;C:\Users\Sandut\.m2\repository\javax\annotation\javax.annotation-api\1.3\javax.annotation-api-1.3.jar;C:\Users\Sandut\.m2\repository\org\example\PatientServer\0.0.1-SNAPSHOT\PatientServer-0.0.1-SNAPSHOT.jar;C:\Users\Sandut\.m2\repository\org\springframework\boot\spring-boot-starter-web\3.3.4\spring-boot-starter-web-3.3.4.jar;C:\Users\Sandut\.m2\repository\org\springframework\boot\spring-boot-starter-json\3.3.4\spring-boot-starter-json-3.3.4.jar;C:\Users\Sandut\.m2\repository\com\fasterxml\jackson\core\jackson-databind\2.17.2\jackson-databind-2.17.2.jar;C:\Users\Sandut\.m2\repository\com\fasterxml\jackson\core\jackson-annotations\2.17.2\jackson-annotations-2.17.2.jar;C:\Users\Sandut\.m2\repository\com\fasterxml\jackson\core\jackson-core\2.17.2\jackson-core-2.17.2.jar;C:\Users\Sandut\.m2\repository\com\fasterxml\jackson\datatype\jackson-datatype-jdk8\2.17.2\jackson-datatype-jdk8-2.17.2.jar;C:\Users\Sandut\.m2\repository\com\fasterxml\jackson\datatype\jackson-datatype-jsr310\2.17.2\jackson-datatype-jsr310-2.17.2.jar;C:\Users\Sandut\.m2\repository\com\fasterxml\jackson\module\jackson-module-parameter-names\2.17.2\jackson-module-parameter-names-2.17.2.jar;C:\Users\Sandut\.m2\repository\org\springframework\boot\spring-boot-starter-tomcat\3.3.4\spring-boot-starter-tomcat-3.3.4.jar;C:\Users\Sandut\.m2\repository\org\apache\tomcat\embed\tomcat-embed-core\10.1.30\tomcat-embed-core-10.1.30.jar;C:\Users\Sandut\.m2\repository\org\apache\tomcat\embed\tomcat-embed-el\10.1.30\tomcat-embed-el-10.1.30.jar;C:\Users\Sandut\.m2\repository\org\apache\tomcat\embed\tomcat-embed-websocket\10.1.30\tomcat-embed-websocket-10.1.30.jar;C:\Users\Sandut\.m2\repository\org\springframework\spring-webmvc\6.1.13\spring-webmvc-6.1.13.jar;C:\Users\Sandut\.m2\repository\org\springframework\spring-web\6.1.13\spring-web-6.1.13.jar;C:\Users\Sandut\.m2\repository\org\springframework\spring-beans\6.1.13\spring-beans-6.1.13.jar;C:\Users\Sandut\.m2\repository\io\micrometer\micrometer-observation\1.13.4\micrometer-observation-1.13.4.jar;C:\Users\Sandut\.m2\repository\io\micrometer\micrometer-commons\1.13.4\micrometer-commons-1.13.4.jar;"/>
    <property name="sun.cpu.endian" value="little"/>
    <property name="user.home" value="C:\Users\Sandut"/>
    <property name="user.language" value="en"/>
    <property name="java.specification.vendor" value="Oracle Corporation"/>
    <property name="java.version.date" value="2024-10-15"/>
    <property name="java.home" value="C:\Users\Sandut\.jdks\openjdk-23.0.1"/>
    <property name="file.separator" value="\"/>
    <property name="basedir" value="C:\Users\Sandut\Documents\GitHub\SEP3\MainServer"/>
    <property name="java.vm.compressedOopsMode" value="Zero based"/>
    <property name="line.separator" value="&#10;"/>
    <property name="java.vm.specification.vendor" value="Oracle Corporation"/>
    <property name="java.specification.name" value="Java Platform API Specification"/>
    <property name="FILE_LOG_CHARSET" value="UTF-8"/>
    <property name="java.awt.headless" value="true"/>
    <property name="surefire.real.class.path" value="C:\Users\Sandut\AppData\Local\Temp\surefire14836283201609023181\surefirebooter-20241120152430093_3.jar"/>
    <property name="user.script" value=""/>
    <property name="sun.management.compiler" value="HotSpot 64-Bit Tiered Compilers"/>
    <property name="java.runtime.version" value="23.0.1+11-39"/>
    <property name="user.name" value="Sandut"/>
    <property name="stdout.encoding" value="Cp1252"/>
    <property name="path.separator" value=";"/>
    <property name="os.version" value="10.0"/>
    <property name="java.runtime.name" value="OpenJDK Runtime Environment"/>
    <property name="file.encoding" value="UTF-8"/>
    <property name="java.vm.name" value="OpenJDK 64-Bit Server VM"/>
    <property name="localRepository" value="C:\Users\Sandut\.m2\repository"/>
    <property name="java.vendor.url.bug" value="https://bugreport.java.com/bugreport/"/>
    <property name="java.io.tmpdir" value="C:\Users\Sandut\AppData\Local\Temp\"/>
    <property name="idea.version" value="2024.3"/>
    <property name="java.version" value="23.0.1"/>
    <property name="user.dir" value="C:\Users\Sandut\Documents\GitHub\SEP3\MainServer"/>
    <property name="os.arch" value="amd64"/>
    <property name="java.vm.specification.name" value="Java Virtual Machine Specification"/>
    <property name="PID" value="4492"/>
    <property name="sun.os.patch.level" value=""/>
    <property name="CONSOLE_LOG_CHARSET" value="UTF-8"/>
    <property name="native.encoding" value="Cp1252"/>
    <property name="java.library.path" value="C:\Users\Sandut\.jdks\openjdk-23.0.1\bin;C:\Windows\Sun\Java\bin;C:\Windows\system32;C:\Windows;C:\Windows\system32;C:\Windows;C:\Windows\System32\Wbem;C:\Windows\System32\WindowsPowerShell\v1.0\;C:\Windows\System32\OpenSSH\;C:\Program Files\dotnet\;C:\Program Files\Git\cmd;C:\Users\Sandut\AppData\Local\Microsoft\WindowsApps;C:\Users\Sandut\AppData\Local\GitHubDesktop\bin;C:\Users\Sandut\.dotnet\tools;."/>
    <property name="java.vm.info" value="mixed mode, sharing"/>
    <property name="stderr.encoding" value="Cp1252"/>
    <property name="java.vendor" value="Oracle Corporation"/>
    <property name="java.vm.version" value="23.0.1+11-39"/>
    <property name="sun.io.unicode.encoding" value="UnicodeLittle"/>
    <property name="java.class.version" value="67.0"/>
    <property name="LOGGED_APPLICATION_NAME" value="[MainServer] "/>
  </properties>
  <testcase name="contextLoads" classname="via.pro3.mainserver.MainServerApplicationTests" time="0.796">
    <system-out><![CDATA[15:24:31.015 [main] INFO org.springframework.test.context.support.AnnotationConfigContextLoaderUtils -- Could not detect default configuration classes for test class [via.pro3.mainserver.MainServerApplicationTests]: MainServerApplicationTests does not declare any static, non-private, non-final, nested classes annotated with @Configuration.
15:24:31.128 [main] INFO org.springframework.boot.test.context.SpringBootTestContextBootstrapper -- Found @SpringBootConfiguration via.pro3.mainserver.MainServerApplication for test class via.pro3.mainserver.MainServerApplicationTests

  .   ____          _            __ _ _
 /\\ / ___'_ __ _ _(_)_ __  __ _ \ \ \ \
( ( )\___ | '_ | '_| | '_ \/ _` | \ \ \ \
 \\/  ___)| |_)| | | | | || (_| |  ) ) ) )
  '  |____| .__|_| |_|_| |_\__, | / / / /
 =========|_|==============|___/=/_/_/_/

 :: Spring Boot ::                (v3.3.4)

2024-11-20T15:24:31.577+01:00  INFO 4492 --- [MainServer] [           main] v.p.m.MainServerApplicationTests         : Starting MainServerApplicationTests using Java 23.0.1 with PID 4492 (started by Sandut in C:\Users\Sandut\Documents\GitHub\SEP3\MainServer)
2024-11-20T15:24:31.579+01:00  INFO 4492 --- [MainServer] [           main] v.p.m.MainServerApplicationTests         : No active profile set, falling back to 1 default profile: "default"
2024-11-20T15:24:33.078+01:00  INFO 4492 --- [MainServer] [           main] g.s.a.GrpcServerFactoryAutoConfiguration : Detected grpc-netty-shaded: Creating ShadedNettyGrpcServerFactory
2024-11-20T15:24:33.300+01:00  INFO 4492 --- [MainServer] [           main] n.d.b.g.s.s.AbstractGrpcServerFactory    : Registered gRPC service: Proto, bean: serverImpl, class: via.pro3.mainserver.service.ServerImpl
2024-11-20T15:24:33.301+01:00  INFO 4492 --- [MainServer] [           main] n.d.b.g.s.s.AbstractGrpcServerFactory    : Registered gRPC service: grpc.health.v1.Health, bean: grpcHealthService, class: io.grpc.protobuf.services.HealthServiceImpl
2024-11-20T15:24:33.301+01:00  INFO 4492 --- [MainServer] [           main] n.d.b.g.s.s.AbstractGrpcServerFactory    : Registered gRPC service: grpc.reflection.v1alpha.ServerReflection, bean: protoReflectionService, class: io.grpc.protobuf.services.ProtoReflectionService
2024-11-20T15:24:33.413+01:00  INFO 4492 --- [MainServer] [           main] n.d.b.g.s.s.GrpcServerLifecycle          : gRPC Server started, listening on address: *, port: 9091
2024-11-20T15:24:33.420+01:00  INFO 4492 --- [MainServer] [           main] v.p.m.MainServerApplicationTests         : Started MainServerApplicationTests in 2.123 seconds (process running for 3.158)
]]></system-out>
    <system-err><![CDATA[WARNING: A Java agent has been loaded dynamically (C:\Users\Sandut\.m2\repository\net\bytebuddy\byte-buddy-agent\1.14.19\byte-buddy-agent-1.14.19.jar)
WARNING: If a serviceability tool is in use, please run with -XX:+EnableDynamicAgentLoading to hide this warning
WARNING: If a serviceability tool is not in use, please run with -Djdk.instrument.traceUsage for more information
WARNING: Dynamic loading of agents will be disallowed by default in a future release
]]></system-err>
  </testcase>
</testsuite>